<?xml version="1.0" encoding="UTF-8"?>
<!-- Generated by org.testng.reporters.JUnitXMLReporter -->
<testsuite ignored="0" hostname="DESKTOP-JPMH21C" failures="0" tests="3" name="Test" time="20.449" errors="0" timestamp="2024-12-06T22:18:01 IST">
  <testcase classname="package1.Project1.Amz_accListHoverover_test" name="AccListHoverOver" time="8.494"/>
  <testcase classname="package1.Project1.FB_test" name="Login_fromSource" time="5.951"/>
  <testcase classname="package1.Project1.LaunchBrowserwith_test_anno" name="launch" time="5.886"/>
</testsuite> <!-- Test -->
