<?xml version="1.0" encoding="UTF-8"?>
<testng-results ignored="0" total="3" passed="3" failed="0" skipped="0">
  <reporter-output>
  </reporter-output>
  <suite started-at="2024-12-06T22:17:41 IST" name="Suite" finished-at="2024-12-06T22:18:01 IST" duration-ms="20449">
    <groups>
    </groups>
    <test started-at="2024-12-06T22:17:41 IST" name="Test" finished-at="2024-12-06T22:18:01 IST" duration-ms="20449">
      <class name="package1.Project1.FB_test">
        <test-method signature="Login_fromSource()[pri:0, instance:package1.Project1.FB_test@1af2d44a]" started-at="2024-12-06T22:17:49 IST" name="Login_fromSource" finished-at="2024-12-06T22:17:55 IST" duration-ms="5951" status="PASS">
          <reporter-output>
          </reporter-output>
        </test-method> <!-- Login_fromSource -->
      </class> <!-- package1.Project1.FB_test -->
      <class name="package1.Project1.Amz_accListHoverover_test">
        <test-method signature="AccListHoverOver()[pri:0, instance:package1.Project1.Amz_accListHoverover_test@35aea049]" started-at="2024-12-06T22:17:41 IST" name="AccListHoverOver" finished-at="2024-12-06T22:17:49 IST" duration-ms="8494" status="PASS">
          <reporter-output>
          </reporter-output>
        </test-method> <!-- AccListHoverOver -->
      </class> <!-- package1.Project1.Amz_accListHoverover_test -->
      <class name="package1.Project1.LaunchBrowserwith_test_anno">
        <test-method signature="launch()[pri:0, instance:package1.Project1.LaunchBrowserwith_test_anno@18d87d80]" started-at="2024-12-06T22:17:55 IST" name="launch" finished-at="2024-12-06T22:18:01 IST" duration-ms="5886" status="PASS">
          <reporter-output>
          </reporter-output>
        </test-method> <!-- launch -->
      </class> <!-- package1.Project1.LaunchBrowserwith_test_anno -->
    </test> <!-- Test -->
  </suite> <!-- Suite -->
</testng-results>
